Arguments: 
  C:\Program Files\nodejs\node.exe C:\Users\devilwjp\AppData\Roaming\npm\node_modules\yarn\bin\yarn.js

PATH: 
  C:\Python39\Scripts\;C:\Python39\;C:\Windows\system32;C:\Windows;C:\Windows\System32\Wbem;C:\Windows\System32\WindowsPowerShell\v1.0\;C:\Windows\System32\OpenSSH\;C:\Program Files (x86)\NVIDIA Corporation\PhysX\Common;C:\Program Files\NVIDIA Corporation\NVIDIA NvDLISR;C:\ProgramData\chocolatey\bin;C:\Users\devilwjp\AppData\Roaming\nvm;C:\Program Files\nodejs;C:\Program Files\Git\cmd;C:\WINDOWS\system32;C:\WINDOWS;C:\WINDOWS\System32\Wbem;C:\WINDOWS\System32\WindowsPowerShell\v1.0\;C:\WINDOWS\System32\OpenSSH\;C:\Program Files (x86)\Tencent\微信web开发者工具\dll;C:\Users\devilwjp\AppData\Local\Yarn\bin;C:\Strawberry\c\bin;C:\Strawberry\perl\site\bin;C:\Strawberry\perl\bin;C:\Program Files\Docker\Docker\resources\bin;C:\Users\devilwjp\.cargo\bin;C:\Users\devilwjp\AppData\Local\Microsoft\WindowsApps;C:\Users\devilwjp\AppData\Roaming\npm;C:\Users\devilwjp\AppData\Roaming\nvm;C:\Users\devilwjp\AppData\Local\Programs\Fiddler;C:\Users\devilwjp\AppData\Local\Microsoft\WindowsApps;C:\Program Files (x86)\Tencent\QQGameTempest\Hall.57773\;C:\Users\devilwjp\AppData\Local\Programs\Microsoft VS Code\bin;C:\Users\devilwjp\AppData\Roaming\nvm;C:\Program Files\nodejs;

Yarn version: 
  1.22.10

Node version: 
  16.17.0

Platform: 
  win32 x64

Trace: 
  Error: certificate has expired
      at TLSSocket.onConnectSecure (node:_tls_wrap:1535:34)
      at TLSSocket.emit (node:events:513:28)
      at TLSSocket._finishInit (node:_tls_wrap:949:8)
      at TLSWrap.ssl.onhandshakedone (node:_tls_wrap:730:12)

npm manifest: 
  {
    "name": "react-saas-template",
    "version": "1.0.0",
    "private": true,
    "homepage": ".",
    "description": "Template for building an SaaS/admin application using React + Material-UI",
    "dependencies": {
      "@date-io/date-fns": "^1.3.13",
      "@material-ui/core": "^4.11.3",
      "@material-ui/icons": "^4.11.2",
      "@material-ui/pickers": "^3.3.10",
      "@material-ui/system": "^4.11.3",
      "@stripe/react-stripe-js": "^1.4.0",
      "@stripe/stripe-js": "^1.13.2",
      "aos": "^2.3.4",
      "chokidar": "^3.5.1",
      "classnames": "^2.2.6",
      "date-fns": "^2.19.0",
      "emoji-mart": "^3.0.1",
      "js-cookie": "^2.2.0",
      "particles-bg": "^2.5.5",
      "prop-types": "^15.7.2",
      "react": "^17.0.2",
      "react-cropper": "^2.1.7",
      "react-dom": "^17.0.2",
      "react-dropzone": "^11.3.2",
      "react-router": "^5.2.0",
      "react-router-dom": "^5.2.0",
      "react-scripts": "^4.0.3",
      "recharts": "^2.0.9",
      "workbox-background-sync": "^6.1.2",
      "workbox-broadcast-update": "^6.1.2",
      "workbox-cacheable-response": "^6.1.2",
      "workbox-core": "^6.1.2",
      "workbox-expiration": "^6.1.2",
      "workbox-google-analytics": "^6.1.2",
      "workbox-navigation-preload": "^6.1.2",
      "workbox-precaching": "^6.1.2",
      "workbox-range-requests": "^6.1.2",
      "workbox-routing": "^6.1.2",
      "workbox-strategies": "^6.1.2",
      "workbox-streams": "^6.1.2"
    },
    "devDependencies": {
      "@testing-library/jest-dom": "^5.11.10",
      "@testing-library/react": "^11.2.5",
      "@testing-library/user-event": "^13.0.16"
    },
    "scripts": {
      "start": "react-scripts start",
      "build": "react-scripts build && node script.js",
      "test": "react-scripts test",
      "eject": "react-scripts eject"
    },
    "eslintConfig": {
      "extends": "react-app"
    },
    "browserslist": {
      "production": [
        ">0.2%",
        "not dead",
        "not op_mini all"
      ],
      "development": [
        "last 1 chrome version",
        "last 1 firefox version",
        "last 1 safari version"
      ]
    },
    "repository": {
      "type": "git",
      "url": "git+https://github.com/dunky11/react-saas-template.git"
    },
    "author": "dunky11",
    "license": "MIT",
    "bugs": {
      "url": "https://github.com/dunky11/react-saas-template/issues"
    }
  }

yarn manifest: 
  No manifest

Lockfile: 
  No lockfile
